  VCL_Voxel_Texture_Atlas_3_Direction.cpp
d:\dropbox\research\vcc\code\texture_atlas_kaision_2.0_vs2017_v6\texture_atlas_kaision_2.0_vs2017_v6\vcl_voxel_texture_atlas_3_direction.cpp(62): warning C4267: '초기화 중': 'size_t'에서 'int'(으)로 변환하면서 데이터가 손실될 수 있습니다.
d:\dropbox\research\vcc\code\texture_atlas_kaision_2.0_vs2017_v6\texture_atlas_kaision_2.0_vs2017_v6\vcl_voxel_texture_atlas_3_direction.cpp(160): warning C4267: '초기화 중': 'size_t'에서 'int'(으)로 변환하면서 데이터가 손실될 수 있습니다.
d:\dropbox\research\vcc\code\texture_atlas_kaision_2.0_vs2017_v6\texture_atlas_kaision_2.0_vs2017_v6\vcl_voxel_texture_atlas_3_direction.cpp(267): warning C4267: '초기화 중': 'size_t'에서 'int'(으)로 변환하면서 데이터가 손실될 수 있습니다.
d:\dropbox\research\vcc\code\texture_atlas_kaision_2.0_vs2017_v6\texture_atlas_kaision_2.0_vs2017_v6\vcl_voxel_texture_atlas_3_direction.cpp(375): warning C4267: '초기화 중': 'size_t'에서 'int'(으)로 변환하면서 데이터가 손실될 수 있습니다.
d:\dropbox\research\vcc\code\texture_atlas_kaision_2.0_vs2017_v6\texture_atlas_kaision_2.0_vs2017_v6\vcl_voxel_texture_atlas_3_direction.cpp(509): warning C4101: 'num_obj' :참조되지 않은 지역 변수입니다.
d:\dropbox\research\vcc\code\texture_atlas_kaision_2.0_vs2017_v6\texture_atlas_kaision_2.0_vs2017_v6\vcl_voxel_texture_atlas_3_direction.cpp(1055): warning C4244: '=': 'double'에서 'int'(으)로 변환하면서 데이터가 손실될 수 있습니다.
d:\dropbox\research\vcc\code\texture_atlas_kaision_2.0_vs2017_v6\texture_atlas_kaision_2.0_vs2017_v6\vcl_voxel_texture_atlas_3_direction.cpp(1056): warning C4244: '=': 'double'에서 'int'(으)로 변환하면서 데이터가 손실될 수 있습니다.
d:\dropbox\research\vcc\code\texture_atlas_kaision_2.0_vs2017_v6\texture_atlas_kaision_2.0_vs2017_v6\vcl_voxel_texture_atlas_3_direction.cpp(1057): warning C4244: '=': 'double'에서 'int'(으)로 변환하면서 데이터가 손실될 수 있습니다.
d:\dropbox\research\vcc\code\texture_atlas_kaision_2.0_vs2017_v6\texture_atlas_kaision_2.0_vs2017_v6\vcl_voxel_texture_atlas_3_direction.cpp(1122): warning C4101: 'k' :참조되지 않은 지역 변수입니다.
d:\dropbox\research\vcc\code\texture_atlas_kaision_2.0_vs2017_v6\texture_atlas_kaision_2.0_vs2017_v6\vcl_voxel_texture_atlas_3_direction.cpp(1172): warning C4267: '=': 'size_t'에서 'int'(으)로 변환하면서 데이터가 손실될 수 있습니다.
d:\dropbox\research\vcc\code\texture_atlas_kaision_2.0_vs2017_v6\texture_atlas_kaision_2.0_vs2017_v6\vcl_voxel_texture_atlas_3_direction.cpp(1295): warning C4267: '=': 'size_t'에서 'int'(으)로 변환하면서 데이터가 손실될 수 있습니다.
d:\dropbox\research\vcc\code\texture_atlas_kaision_2.0_vs2017_v6\texture_atlas_kaision_2.0_vs2017_v6\vcl_voxel_texture_atlas_3_direction.cpp(1308): warning C4267: '=': 'size_t'에서 'int'(으)로 변환하면서 데이터가 손실될 수 있습니다.
d:\dropbox\research\vcc\code\texture_atlas_kaision_2.0_vs2017_v6\texture_atlas_kaision_2.0_vs2017_v6\vcl_voxel_texture_atlas_3_direction.cpp(1273): warning C4101: 'p_im' :참조되지 않은 지역 변수입니다.
d:\dropbox\research\vcc\code\texture_atlas_kaision_2.0_vs2017_v6\texture_atlas_kaision_2.0_vs2017_v6\vcl_voxel_texture_atlas_3_direction.cpp(1535): warning C4244: '=': 'float'에서 'int'(으)로 변환하면서 데이터가 손실될 수 있습니다.
d:\dropbox\research\vcc\code\texture_atlas_kaision_2.0_vs2017_v6\texture_atlas_kaision_2.0_vs2017_v6\vcl_voxel_texture_atlas_3_direction.cpp(1539): warning C4244: '=': 'float'에서 'int'(으)로 변환하면서 데이터가 손실될 수 있습니다.
d:\dropbox\research\vcc\code\texture_atlas_kaision_2.0_vs2017_v6\texture_atlas_kaision_2.0_vs2017_v6\vcl_voxel_texture_atlas_3_direction.cpp(1543): warning C4244: '=': 'float'에서 'int'(으)로 변환하면서 데이터가 손실될 수 있습니다.
d:\dropbox\research\vcc\code\texture_atlas_kaision_2.0_vs2017_v6\texture_atlas_kaision_2.0_vs2017_v6\vcl_voxel_texture_atlas_3_direction.cpp(1489): warning C4101: 'max_width' :참조되지 않은 지역 변수입니다.
d:\dropbox\research\vcc\code\texture_atlas_kaision_2.0_vs2017_v6\texture_atlas_kaision_2.0_vs2017_v6\vcl_voxel_texture_atlas_3_direction.cpp(1936): warning C4244: '=': 'double'에서 'int'(으)로 변환하면서 데이터가 손실될 수 있습니다.
d:\dropbox\research\vcc\code\texture_atlas_kaision_2.0_vs2017_v6\texture_atlas_kaision_2.0_vs2017_v6\vcl_voxel_texture_atlas_3_direction.cpp(1937): warning C4244: '=': 'double'에서 'int'(으)로 변환하면서 데이터가 손실될 수 있습니다.
Funtion_IO.obj : warning LNK4258: '/entry:WinMainCRTStartup' 지시문은 '/ENTRY:wWinMainCRTStartup' 스위치와 호환되지 않습니다. 무시됩니다.
JANG_Xrunset3dShort.obj : warning LNK4258: '/entry:WinMainCRTStartup' 지시문은 '/ENTRY:wWinMainCRTStartup' 스위치와 호환되지 않습니다. 무시됩니다.
stdafx.obj : warning LNK4258: '/entry:WinMainCRTStartup' 지시문은 '/ENTRY:wWinMainCRTStartup' 스위치와 호환되지 않습니다. 무시됩니다.
Texture_Atlas_KAISION_2.0_VS2017_V6.obj : warning LNK4258: '/entry:WinMainCRTStartup' 지시문은 '/ENTRY:wWinMainCRTStartup' 스위치와 호환되지 않습니다. 무시됩니다.
Texture_Atlas_KAISION_2.0_VS2017_V6Dlg.obj : warning LNK4258: '/entry:WinMainCRTStartup' 지시문은 '/ENTRY:wWinMainCRTStartup' 스위치와 호환되지 않습니다. 무시됩니다.
VCL_DoCube_X_Color.obj : warning LNK4258: '/entry:WinMainCRTStartup' 지시문은 '/ENTRY:wWinMainCRTStartup' 스위치와 호환되지 않습니다. 무시됩니다.
VCL_DTW.obj : warning LNK4258: '/entry:WinMainCRTStartup' 지시문은 '/ENTRY:wWinMainCRTStartup' 스위치와 호환되지 않습니다. 무시됩니다.
VCL_EI_DCT.obj : warning LNK4258: '/entry:WinMainCRTStartup' 지시문은 '/ENTRY:wWinMainCRTStartup' 스위치와 호환되지 않습니다. 무시됩니다.
VCL_Image_Interpolation.obj : warning LNK4258: '/entry:WinMainCRTStartup' 지시문은 '/ENTRY:wWinMainCRTStartup' 스위치와 호환되지 않습니다. 무시됩니다.
VCL_Voxel_Texture_Atlas_3_Direction.obj : warning LNK4258: '/entry:WinMainCRTStartup' 지시문은 '/ENTRY:wWinMainCRTStartup' 스위치와 호환되지 않습니다. 무시됩니다.
VCL_Voxel_Color_Final_Version.obj : warning LNK4258: '/entry:WinMainCRTStartup' 지시문은 '/ENTRY:wWinMainCRTStartup' 스위치와 호환되지 않습니다. 무시됩니다.
VCL_Voxel_Color_Map.obj : warning LNK4258: '/entry:WinMainCRTStartup' 지시문은 '/ENTRY:wWinMainCRTStartup' 스위치와 호환되지 않습니다. 무시됩니다.
VCL_Voxel_Color_Sequence_Aligner.obj : warning LNK4258: '/entry:WinMainCRTStartup' 지시문은 '/ENTRY:wWinMainCRTStartup' 스위치와 호환되지 않습니다. 무시됩니다.
VCL_Voxel_Color_Sequence_Aligner_Base.obj : warning LNK4258: '/entry:WinMainCRTStartup' 지시문은 '/ENTRY:wWinMainCRTStartup' 스위치와 호환되지 않습니다. 무시됩니다.
VCL_Voxel_Color_Sequence_Aligner_Color.obj : warning LNK4258: '/entry:WinMainCRTStartup' 지시문은 '/ENTRY:wWinMainCRTStartup' 스위치와 호환되지 않습니다. 무시됩니다.
VCL_Voxel_Color_Sequence_Aligner_Connectivity.obj : warning LNK4258: '/entry:WinMainCRTStartup' 지시문은 '/ENTRY:wWinMainCRTStartup' 스위치와 호환되지 않습니다. 무시됩니다.
VCL_Voxel_Color_Sequence_Aligner_Distance.obj : warning LNK4258: '/entry:WinMainCRTStartup' 지시문은 '/ENTRY:wWinMainCRTStartup' 스위치와 호환되지 않습니다. 무시됩니다.
VCL_Voxel_Color_Sequence_Aligner_DTW.obj : warning LNK4258: '/entry:WinMainCRTStartup' 지시문은 '/ENTRY:wWinMainCRTStartup' 스위치와 호환되지 않습니다. 무시됩니다.
VCL_Voxel_Color_Sequence_Aligner_PWEI.obj : warning LNK4258: '/entry:WinMainCRTStartup' 지시문은 '/ENTRY:wWinMainCRTStartup' 스위치와 호환되지 않습니다. 무시됩니다.
VCL_Voxel_Scanner_Slice.obj : warning LNK4258: '/entry:WinMainCRTStartup' 지시문은 '/ENTRY:wWinMainCRTStartup' 스위치와 호환되지 않습니다. 무시됩니다.
VCL_Voxel_Segmentation.obj : warning LNK4258: '/entry:WinMainCRTStartup' 지시문은 '/ENTRY:wWinMainCRTStartup' 스위치와 호환되지 않습니다. 무시됩니다.
Voxel_Slice_Scanned_Data.obj : warning LNK4258: '/entry:WinMainCRTStartup' 지시문은 '/ENTRY:wWinMainCRTStartup' 스위치와 호환되지 않습니다. 무시됩니다.
  코드를 생성하고 있습니다.
  9 of 1369 functions ( 0.7%) were compiled, the rest were copied from previous compilation.
    0 functions were new in current compilation
    5 functions had inline decision re-evaluated but remain unchanged
  코드를 생성했습니다.
  Texture_Atlas_KAISION_2.0_VS2017_V6.vcxproj -> D:\Dropbox\Research\VCC\Code\Texture_Atlas_KAISION_2.0_VS2017_V6\x64\Release\Texture_Atlas_KAISION_2.0_VS2017_V6.exe
