d:\dropbox\research\vcc\code\texture_atlas_kaision_2.0_vs2017_v6\texture_atlas_kaision_2.0_vs2017_v6\x64\release\texture_atlas_kaision_2.0_vs2017_v6.pch
d:\dropbox\research\vcc\code\texture_atlas_kaision_2.0_vs2017_v6\texture_atlas_kaision_2.0_vs2017_v6\x64\release\vc141.pdb
d:\dropbox\research\vcc\code\texture_atlas_kaision_2.0_vs2017_v6\texture_atlas_kaision_2.0_vs2017_v6\x64\release\stdafx.obj
d:\dropbox\research\vcc\code\texture_atlas_kaision_2.0_vs2017_v6\texture_atlas_kaision_2.0_vs2017_v6\x64\release\vcl_voxel_segmentation.obj
d:\dropbox\research\vcc\code\texture_atlas_kaision_2.0_vs2017_v6\texture_atlas_kaision_2.0_vs2017_v6\x64\release\vcl_voxel_scanner_slice.obj
d:\dropbox\research\vcc\code\texture_atlas_kaision_2.0_vs2017_v6\texture_atlas_kaision_2.0_vs2017_v6\x64\release\vcl_voxel_color_sequence_aligner_pwei.obj
d:\dropbox\research\vcc\code\texture_atlas_kaision_2.0_vs2017_v6\texture_atlas_kaision_2.0_vs2017_v6\x64\release\vcl_voxel_color_sequence_aligner_dtw.obj
d:\dropbox\research\vcc\code\texture_atlas_kaision_2.0_vs2017_v6\texture_atlas_kaision_2.0_vs2017_v6\x64\release\vcl_voxel_color_sequence_aligner_distance.obj
d:\dropbox\research\vcc\code\texture_atlas_kaision_2.0_vs2017_v6\texture_atlas_kaision_2.0_vs2017_v6\x64\release\vcl_voxel_color_sequence_aligner_connectivity.obj
d:\dropbox\research\vcc\code\texture_atlas_kaision_2.0_vs2017_v6\texture_atlas_kaision_2.0_vs2017_v6\x64\release\vcl_voxel_color_sequence_aligner_color.obj
d:\dropbox\research\vcc\code\texture_atlas_kaision_2.0_vs2017_v6\texture_atlas_kaision_2.0_vs2017_v6\x64\release\vcl_voxel_color_sequence_aligner_base.obj
d:\dropbox\research\vcc\code\texture_atlas_kaision_2.0_vs2017_v6\texture_atlas_kaision_2.0_vs2017_v6\x64\release\vcl_voxel_color_sequence_aligner.obj
d:\dropbox\research\vcc\code\texture_atlas_kaision_2.0_vs2017_v6\texture_atlas_kaision_2.0_vs2017_v6\x64\release\vcl_voxel_color_map.obj
d:\dropbox\research\vcc\code\texture_atlas_kaision_2.0_vs2017_v6\texture_atlas_kaision_2.0_vs2017_v6\x64\release\vcl_voxel_color_final_version.obj
d:\dropbox\research\vcc\code\texture_atlas_kaision_2.0_vs2017_v6\texture_atlas_kaision_2.0_vs2017_v6\x64\release\vcl_voxel_texture_atlas_3_direction.obj
d:\dropbox\research\vcc\code\texture_atlas_kaision_2.0_vs2017_v6\texture_atlas_kaision_2.0_vs2017_v6\x64\release\vcl_image_interpolation.obj
d:\dropbox\research\vcc\code\texture_atlas_kaision_2.0_vs2017_v6\texture_atlas_kaision_2.0_vs2017_v6\x64\release\vcl_ei_dct.obj
d:\dropbox\research\vcc\code\texture_atlas_kaision_2.0_vs2017_v6\texture_atlas_kaision_2.0_vs2017_v6\x64\release\vcl_dtw.obj
d:\dropbox\research\vcc\code\texture_atlas_kaision_2.0_vs2017_v6\texture_atlas_kaision_2.0_vs2017_v6\x64\release\vcl_docube_x_color.obj
d:\dropbox\research\vcc\code\texture_atlas_kaision_2.0_vs2017_v6\texture_atlas_kaision_2.0_vs2017_v6\x64\release\texture_atlas_kaision_2.0_vs2017_v6dlg.obj
d:\dropbox\research\vcc\code\texture_atlas_kaision_2.0_vs2017_v6\texture_atlas_kaision_2.0_vs2017_v6\x64\release\texture_atlas_kaision_2.0_vs2017_v6.obj
d:\dropbox\research\vcc\code\texture_atlas_kaision_2.0_vs2017_v6\texture_atlas_kaision_2.0_vs2017_v6\x64\release\jang_xrunset3dshort.obj
d:\dropbox\research\vcc\code\texture_atlas_kaision_2.0_vs2017_v6\texture_atlas_kaision_2.0_vs2017_v6\x64\release\funtion_io.obj
d:\dropbox\research\vcc\code\texture_atlas_kaision_2.0_vs2017_v6\texture_atlas_kaision_2.0_vs2017_v6\x64\release\voxel_slice_scanned_data.obj
d:\dropbox\research\vcc\code\texture_atlas_kaision_2.0_vs2017_v6\x64\release\texture_atlas_kaision_2.0_vs2017_v6.exe
d:\dropbox\research\vcc\code\texture_atlas_kaision_2.0_vs2017_v6\x64\release\texture_atlas_kaision_2.0_vs2017_v6.pdb
d:\dropbox\research\vcc\code\texture_atlas_kaision_2.0_vs2017_v6\texture_atlas_kaision_2.0_vs2017_v6\x64\release\textureatlaskaision20vs2017v6.res
d:\dropbox\research\vcc\code\texture_atlas_kaision_2.0_vs2017_v6\x64\release\texture_atlas_kaision_2.0_vs2017_v6.ipdb
d:\dropbox\research\vcc\code\texture_atlas_kaision_2.0_vs2017_v6\x64\release\texture_atlas_kaision_2.0_vs2017_v6.iobj
d:\dropbox\research\vcc\code\texture_atlas_kaision_2.0_vs2017_v6\texture_atlas_kaision_2.0_vs2017_v6\x64\release\texture_.97108252.tlog\cl.command.1.tlog
d:\dropbox\research\vcc\code\texture_atlas_kaision_2.0_vs2017_v6\texture_atlas_kaision_2.0_vs2017_v6\x64\release\texture_.97108252.tlog\cl.read.1.tlog
d:\dropbox\research\vcc\code\texture_atlas_kaision_2.0_vs2017_v6\texture_atlas_kaision_2.0_vs2017_v6\x64\release\texture_.97108252.tlog\cl.write.1.tlog
d:\dropbox\research\vcc\code\texture_atlas_kaision_2.0_vs2017_v6\texture_atlas_kaision_2.0_vs2017_v6\x64\release\texture_.97108252.tlog\link.command.1.tlog
d:\dropbox\research\vcc\code\texture_atlas_kaision_2.0_vs2017_v6\texture_atlas_kaision_2.0_vs2017_v6\x64\release\texture_.97108252.tlog\link.read.1.tlog
d:\dropbox\research\vcc\code\texture_atlas_kaision_2.0_vs2017_v6\texture_atlas_kaision_2.0_vs2017_v6\x64\release\texture_.97108252.tlog\link.write.1.tlog
d:\dropbox\research\vcc\code\texture_atlas_kaision_2.0_vs2017_v6\texture_atlas_kaision_2.0_vs2017_v6\x64\release\texture_.97108252.tlog\rc.command.1.tlog
d:\dropbox\research\vcc\code\texture_atlas_kaision_2.0_vs2017_v6\texture_atlas_kaision_2.0_vs2017_v6\x64\release\texture_.97108252.tlog\rc.read.1.tlog
d:\dropbox\research\vcc\code\texture_atlas_kaision_2.0_vs2017_v6\texture_atlas_kaision_2.0_vs2017_v6\x64\release\texture_.97108252.tlog\rc.write.1.tlog
d:\dropbox\research\vcc\code\texture_atlas_kaision_2.0_vs2017_v6\texture_atlas_kaision_2.0_vs2017_v6\x64\release\texture_.97108252.tlog\texture_atlas_kaision_2.0_vs2017_v6.write.1u.tlog
